17:17:16.886 > Starting setup...
17:17:16.886 > Cycle number: 2
17:17:16.886 > Setup complete. Running data acquisition only.
17:17:16.886 > Cycle number: 3
17:17:19.267 > Cycle number: 4
17:17:22.266 > Cycle number: 5
17:17:25.264 > Cycle number: 6
17:17:28.266 > Cycle number: 7
17:17:31.266 > Cycle number: 8
17:17:34.263 > Cycle number: 9
17:17:37.264 > Cycle number: 10
17:17:40.262 > Cycle number: 11
17:17:43.266 > Cycle number: 12
17:17:46.262 > Cycle number: 13
17:17:49.265 > Cycle number: 14
17:17:52.263 > Cycle number: 15
17:17:55.265 > Cycle number: 16
17:17:58.264 > Cycle number: 17
17:18:01.262 > Cycle number: 18
17:18:04.263 > Cycle number: 19
17:18:07.265 > Cycle number: 20
17:18:07.265 > Debug: Inside cycle 20 processing.
17:18:07.269 > Warning: sensorID was empty. Using default value.
17:18:07.274 > Debug: Fetching current time.
17:18:07.275 > Debug: Current Time: 2025-01-14 17:12:00
17:18:07.280 > Debug: Fetching AQI sensor data.
17:18:07.281 > Acquired Data (Cycle 20): 2025-01-14 17:12:00,UnknownSensorID,25.0,50.0,1013.0,10,20,30
17:18:10.264 > Cycle number: 1
17:18:13.265 > Cycle number: 2
17:18:16.262 > Cycle number: 3
17:18:19.262 > Cycle number: 4
17:18:22.264 > Cycle number: 5
17:18:25.264 > Cycle number: 6
17:18:28.261 > Cycle number: 7
17:18:31.263 > Cycle number: 8
17:18:34.256 > Cycle number: 9
17:18:37.261 > Cycle number: 10
17:18:40.263 > Cycle number: 11
17:18:43.263 > Cycle number: 12
17:18:46.263 > Cycle number: 13
17:18:49.260 > Cycle number: 14
17:18:52.263 > Cycle number: 15
17:18:55.254 > Cycle number: 16
17:18:58.261 > Cycle number: 17
17:19:01.263 > Cycle number: 18
17:19:04.262 > Cycle number: 19
17:19:07.262 > Cycle number: 20
17:19:07.262 > Debug: Inside cycle 20 processing.
17:19:07.268 > Debug: Fetching current time.
17:19:07.271 > Debug: Current Time: 2025-01-14 17:12:00
17:19:07.274 > Debug: Fetching AQI sensor data.
17:19:07.277 > Acquired Data (Cycle 20): 2025-01-14 17:12:00,UnknownSensorID,25.0,50.0,1013.0,10,20,30
17:19:10.262 > Cycle number: 1
17:19:13.262 > Cycle number: 2
17:19:16.261 > Cycle number: 3
17:19:19.261 > Cycle number: 4
17:19:22.262 > Cycle number: 5
17:19:25.262 > Cycle number: 6
17:19:28.260 > Cycle number: 7
17:19:31.262 > Cycle number: 8
17:19:34.262 > Cycle number: 9
17:19:37.261 > Cycle number: 10
17:19:40.260 > Cycle number: 11
17:19:43.261 > Cycle number: 12
17:19:46.261 > Cycle number: 13
17:19:49.260 > Cycle number: 14
17:19:52.254 > Cycle number: 15
17:19:55.257 > Cycle number: 16
17:19:58.251 > Cycle number: 17
17:20:01.251 > Cycle number: 18
17:20:04.255 > Cycle number: 19
17:20:07.259 > Cycle number: 20
17:20:07.259 > Debug: Inside cycle 20 processing.
17:20:07.259 > Debug: Fetching current time.
17:20:07.267 > Debug: Current Time: 2025-01-14 17:12:00
17:20:07.270 > Debug: Fetching AQI sensor data.
17:20:07.274 > Acquired Data (Cycle 20): 2025-01-14 17:12:00,UnknownSensorID,25.0,50.0,1013.0,10,20,30
17:20:10.257 > Cycle number: 1
17:20:13.260 > Cycle number: 2
17:20:16.256 > Cycle number: 3
17:20:19.259 > Cycle number: 4
17:20:22.259 > Cycle number: 5
17:20:25.259 > Cycle number: 6
17:20:28.259 > Cycle number: 7
17:20:31.256 > Cycle number: 8
17:20:34.250 > Cycle number: 9
17:20:37.259 > Cycle number: 10
